\BOOKMARK [1][-]{section.1}{\376\377\000M\000a\000i\000n\000\040\000H\000T\000M\000L\000\040\000F\000i\000l\000e}{}% 1
\BOOKMARK [2][-]{subsection.1.1}{\376\377\000F\000r\000a\000c\000t\000i\000o\000n\000\137\000B\000a\000r\000s\000.\000h\000t\000m\000l}{section.1}% 2
\BOOKMARK [1][-]{section.2}{\376\377\000J\000a\000v\000a\000S\000c\000r\000i\000p\000t\000\040\000F\000i\000l\000e\000s}{}% 3
\BOOKMARK [2][-]{subsection.2.1}{\376\377\000C\000o\000r\000e\000\040\000F\000r\000a\000c\000t\000i\000o\000n\000\040\000B\000a\000r\000s\000\040\000L\000o\000g\000i\000c}{section.2}% 4
\BOOKMARK [3][-]{subsubsection.2.1.1}{\376\377\000f\000r\000a\000c\000t\000i\000o\000n\000B\000a\000r\000s\000.\000j\000s}{subsection.2.1}% 5
\BOOKMARK [3][-]{subsubsection.2.1.2}{\376\377\000F\000r\000a\000c\000t\000i\000o\000n\000B\000a\000r\000s\000C\000a\000n\000v\000a\000s\000.\000j\000s}{subsection.2.1}% 6
\BOOKMARK [2][-]{subsection.2.2}{\376\377\000O\000b\000j\000e\000c\000t\000\040\000C\000l\000a\000s\000s\000e\000s}{section.2}% 7
\BOOKMARK [3][-]{subsubsection.2.2.1}{\376\377\000B\000a\000r\000.\000j\000s}{subsection.2.2}% 8
\BOOKMARK [3][-]{subsubsection.2.2.2}{\376\377\000M\000a\000t\000.\000j\000s}{subsection.2.2}% 9
\BOOKMARK [3][-]{subsubsection.2.2.3}{\376\377\000P\000o\000i\000n\000t\000.\000j\000s}{subsection.2.2}% 10
\BOOKMARK [3][-]{subsubsection.2.2.4}{\376\377\000L\000i\000n\000e\000.\000j\000s}{subsection.2.2}% 11
\BOOKMARK [3][-]{subsubsection.2.2.5}{\376\377\000S\000p\000l\000i\000t\000.\000j\000s}{subsection.2.2}% 12
\BOOKMARK [3][-]{subsubsection.2.2.6}{\376\377\000B\000l\000o\000b\000.\000j\000s}{subsection.2.2}% 13
\BOOKMARK [2][-]{subsection.2.3}{\376\377\000U\000I\000\040\000C\000o\000m\000p\000o\000n\000e\000n\000t\000s}{section.2}% 14
\BOOKMARK [3][-]{subsubsection.2.3.1}{\376\377\000C\000a\000n\000v\000a\000s\000S\000t\000a\000t\000e\000.\000j\000s}{subsection.2.3}% 15
\BOOKMARK [3][-]{subsubsection.2.3.2}{\376\377\000S\000p\000l\000i\000t\000s\000W\000i\000d\000g\000e\000t\000.\000j\000s}{subsection.2.3}% 16
\BOOKMARK [2][-]{subsection.2.4}{\376\377\000U\000t\000i\000l\000i\000t\000y\000\040\000F\000u\000n\000c\000t\000i\000o\000n\000s}{section.2}% 17
\BOOKMARK [3][-]{subsubsection.2.4.1}{\376\377\000u\000t\000i\000l\000i\000t\000i\000e\000s\000.\000j\000s}{subsection.2.4}% 18
\BOOKMARK [3][-]{subsubsection.2.4.2}{\376\377\000c\000y\000c\000l\000e\000.\000j\000s}{subsection.2.4}% 19
\BOOKMARK [1][-]{section.3}{\376\377\000C\000S\000S\000\040\000F\000i\000l\000e\000s}{}% 20
\BOOKMARK [2][-]{subsection.3.1}{\376\377\000M\000a\000i\000n\000\040\000S\000t\000y\000l\000e\000s}{section.3}% 21
\BOOKMARK [3][-]{subsubsection.3.1.1}{\376\377\000f\000r\000a\000c\000t\000i\000o\000n\000B\000a\000r\000s\000.\000c\000s\000s}{subsection.3.1}% 22
\BOOKMARK [3][-]{subsubsection.3.1.2}{\376\377\000d\000e\000n\000e\000m\000e\000.\000c\000s\000s}{subsection.3.1}% 23
\BOOKMARK [2][-]{subsection.3.2}{\376\377\000L\000a\000n\000g\000u\000a\000g\000e\000\040\000a\000n\000d\000\040\000U\000I\000\040\000S\000t\000y\000l\000e\000s}{section.3}% 24
\BOOKMARK [3][-]{subsubsection.3.2.1}{\376\377\000l\000a\000n\000g\000\137\000e\000n\000g\000.\000c\000s\000s}{subsection.3.2}% 25
\BOOKMARK [1][-]{section.4}{\376\377\000A\000c\000e\000o\000f\000B\000a\000s\000e\000s\000\040\000P\000r\000o\000g\000r\000a\000m}{}% 26
\BOOKMARK [2][-]{subsection.4.1}{\376\377\000H\000T\000M\000L\000\040\000F\000i\000l\000e\000s}{section.4}% 27
\BOOKMARK [3][-]{subsubsection.4.1.1}{\376\377\000i\000n\000d\000e\000x\000.\000h\000t\000m\000l}{subsection.4.1}% 28
\BOOKMARK [3][-]{subsubsection.4.1.2}{\376\377\000i\000n\000d\000e\000x\000\137\000a\000c\000e\000\137\000o\000f\000\137\000b\000a\000s\000e\000s\000.\000h\000t\000m\000l}{subsection.4.1}% 29
\BOOKMARK [2][-]{subsection.4.2}{\376\377\000J\000a\000v\000a\000S\000c\000r\000i\000p\000t\000\040\000F\000i\000l\000e\000s}{section.4}% 30
\BOOKMARK [3][-]{subsubsection.4.2.1}{\376\377\000s\000c\000r\000i\000p\000t\000.\000j\000s}{subsection.4.2}% 31
\BOOKMARK [3][-]{subsubsection.4.2.2}{\376\377\000s\000c\000r\000i\000p\000t\000\137\000a\000c\000e\000\137\000o\000f\000\137\000b\000a\000s\000e\000s\000.\000j\000s}{subsection.4.2}% 32
\BOOKMARK [2][-]{subsection.4.3}{\376\377\000C\000S\000S\000\040\000F\000i\000l\000e\000s}{section.4}% 33
\BOOKMARK [3][-]{subsubsection.4.3.1}{\376\377\000s\000t\000y\000l\000e\000s\000.\000c\000s\000s}{subsection.4.3}% 34
\BOOKMARK [3][-]{subsubsection.4.3.2}{\376\377\000s\000t\000y\000l\000e\000s\000\137\000a\000c\000e\000\137\000o\000f\000\137\000b\000a\000s\000e\000s\000.\000c\000s\000s}{subsection.4.3}% 35
\BOOKMARK [1][-]{section.5}{\376\377\000C\000o\000n\000f\000i\000g\000u\000r\000a\000t\000i\000o\000n\000\040\000F\000i\000l\000e\000s}{}% 36
\BOOKMARK [2][-]{subsection.5.1}{\376\377\000F\000r\000a\000c\000t\000i\000o\000n\000\137\000B\000a\000r\000s\000.\000c\000o\000d\000e\000-\000w\000o\000r\000k\000s\000p\000a\000c\000e}{section.5}% 37
